<?xml version="1.0" encoding="UTF-8"?>
<testsuite xmlns:xsi="http://www.w3.org/2001/XMLSchema-instance" xsi:noNamespaceSchemaLocation="https://maven.apache.org/surefire/maven-surefire-plugin/xsd/surefire-test-report.xsd" name="com.runner.Automation_Runner" time="115.218" tests="5" errors="0" skipped="0" failures="0">
  <properties>
[...]
</properties>
  <testcase name="Login Functionality" classname="Dress Booking in AutomationPractice Application" time="23.731"/>
  <testcase name="Casual Dress Booking" classname="Dress Booking in AutomationPractice Application" time="35.205"/>
  <testcase name="Payment For Booked Dress" classname="Dress Booking in AutomationPractice Application" time="9.006"/>
  <testcase name="Casual Dress Booking Screenshot" classname="Dress Booking in AutomationPractice Application" time="11.686"/>
  <testcase name="Logout Functionality" classname="Dress Booking in AutomationPractice Application" time="6.33"/>
</testsuite>